\BOOKMARK [0][-]{chapter.1}{\376\377\176\352\213\272}{}% 1
\BOOKMARK [1][-]{section.1.1}{\376\377\170\024\172\166\200\314\146\157\116\016\141\017\116\111}{chapter.1}% 2
\BOOKMARK [1][-]{section.1.2}{\376\377\126\375\121\205\131\026\170\024\172\166\163\260\162\266}{chapter.1}% 3
\BOOKMARK [2][-]{subsection.1.2.1}{\376\377\133\146\116\140\164\006\213\272\166\204\203\003\137\017\157\024\123\330}{section.1.2}% 4
\BOOKMARK [2][-]{subsection.1.2.2}{\376\377\163\260\116\343\162\171\137\201\133\146\116\140\164\006\213\272\166\204\170\024\172\166\217\333\134\125}{section.1.2}% 5
\BOOKMARK [1][-]{section.1.3}{\376\377\116\073\211\201\170\024\172\166\225\356\230\230\116\016\142\200\147\057\215\357\176\277}{chapter.1}% 6
\BOOKMARK [2][-]{subsection.1.3.1}{\376\377\170\024\172\166\225\356\230\230}{section.1.3}% 7
\BOOKMARK [2][-]{subsection.1.3.2}{\376\377\142\200\147\057\215\357\176\277}{section.1.3}% 8
\BOOKMARK [1][-]{section.1.4}{\376\377\213\272\145\207\176\323\147\204\133\211\143\222}{chapter.1}% 9
\BOOKMARK [0][-]{chapter.2}{\376\377\162\171\137\201\133\146\116\140\164\006\213\272\166\204\122\006\147\220\150\106\147\266}{}% 10
\BOOKMARK [1][-]{section.2.1}{\376\377\162\171\137\201\133\146\116\140\164\006\213\272\166\204\127\372\147\054\151\202\137\365}{chapter.2}% 11
\BOOKMARK [1][-]{section.2.2}{\376\377\162\171\137\201\116\016\162\171\137\201\133\146\133\146\116\140}{chapter.2}% 12
\BOOKMARK [1][-]{section.2.3}{\376\377\162\171\137\201\133\146\116\140\164\006\213\272\166\204\122\006\147\220\150\106\147\266}{chapter.2}% 13
\BOOKMARK [0][-]{chapter.3}{\376\377\133\371\142\227\213\255\176\303\166\204\162\171\137\201\133\146\116\140\164\006\213\272\122\006\147\220}{}% 14
\BOOKMARK [1][-]{section.3.1}{\376\377\133\371\142\227\213\255\176\303\116\016\162\171\137\201\130\114\177\051\163\260\214\141\166\204\127\372\170\100\151\202\137\365}{chapter.3}% 15
\BOOKMARK [2][-]{subsection.3.1.1}{\376\377\133\371\142\227\213\255\176\303}{section.3.1}% 16
\BOOKMARK [2][-]{subsection.3.1.2}{\376\377\162\171\137\201\130\114\177\051}{section.3.1}% 17
\BOOKMARK [1][-]{section.3.2}{\376\377\133\236\213\301\170\024\172\166}{chapter.3}% 18
\BOOKMARK [2][-]{subsection.3.2.1}{\376\377\133\236\232\214\213\276\177\156}{section.3.2}% 19
\BOOKMARK [2][-]{subsection.3.2.2}{\376\377\133\371\142\227\213\255\176\303\116\055\166\204\162\171\137\201\130\114\177\051\163\260\214\141}{section.3.2}% 20
\BOOKMARK [2][-]{subsection.3.2.3}{\376\377\123\125\176\257\137\142\123\213\177\051\163\260\214\141}{section.3.2}% 21
\BOOKMARK [2][-]{subsection.3.2.4}{\376\377\155\210\207\215\133\236\232\214}{section.3.2}% 22
\BOOKMARK [1][-]{section.3.3}{\376\377\121\163\116\216\123\125\176\257\137\142\123\213\177\051\163\260\214\141\166\204\164\006\213\272\211\343\221\312}{chapter.3}% 23
\BOOKMARK [2][-]{subsection.3.3.1}{\376\377\173\046\123\367}{section.3.3}% 24
\BOOKMARK [2][-]{subsection.3.3.2}{\376\377\164\006\213\272\122\006\147\220\120\107\213\276}{section.3.3}% 25
\BOOKMARK [2][-]{subsection.3.3.3}{\376\377\116\073\211\201\176\323\213\272}{section.3.3}% 26
\BOOKMARK [2][-]{subsection.3.3.4}{\376\377\116\073\211\201\176\323\213\272\213\301\146\016}{section.3.3}% 27
\BOOKMARK [1][-]{section.3.4}{\376\377\147\054\172\340\134\017\176\323}{chapter.3}% 28
\BOOKMARK [0][-]{chapter.4}{\376\377\126\376\120\317\116\373\122\241\166\204\162\171\137\201\133\146\116\140\164\006\213\272}{}% 29
\BOOKMARK [1][-]{section.4.1}{\376\377\137\025\212\000}{chapter.4}% 30
\BOOKMARK [1][-]{section.4.2}{\376\377\225\356\230\230\213\276\177\156}{chapter.4}% 31
\BOOKMARK [2][-]{subsection.4.2.1}{\376\377\145\160\143\156\122\006\136\003}{section.4.2}% 32
\BOOKMARK [2][-]{subsection.4.2.2}{\376\377\177\121\176\334\176\323\147\204}{section.4.2}% 33
\BOOKMARK [2][-]{subsection.4.2.3}{\376\377\213\255\176\303\203\003\137\017}{section.4.2}% 34
\BOOKMARK [1][-]{section.4.3}{\376\377\164\006\213\272\122\006\147\220}{chapter.4}% 35
\BOOKMARK [2][-]{subsection.4.3.1}{\376\377\213\255\176\303\226\066\153\265}{section.4.3}% 36
\BOOKMARK [2][-]{subsection.4.3.2}{\376\377\221\315\147\204\226\066\153\265}{section.4.3}% 37
\BOOKMARK [1][-]{section.4.4}{\376\377\145\160\120\074\232\214\213\301}{chapter.4}% 38
\BOOKMARK [1][-]{section.4.5}{\376\377\133\214\145\164\213\301\146\016}{chapter.4}% 39
\BOOKMARK [1][-]{section.4.6}{\376\377\142\200\147\057\137\025\164\006}{chapter.4}% 40
\BOOKMARK [1][-]{section.4.7}{\376\377\133\236\232\214\176\306\202\202}{chapter.4}% 41
\BOOKMARK [2][-]{subsection.4.7.1}{\376\377\133\236\163\260\176\306\202\202}{section.4.7}% 42
\BOOKMARK [3][-]{subsubsection.4.7.1.1}{\376\377\124\010\142\020\133\236\232\214}{subsection.4.7.1}% 43
\BOOKMARK [3][-]{subsubsection.4.7.1.2}{\376\377\150\070\166\204\123\357\211\306\123\026}{subsection.4.7.1}% 44
\BOOKMARK [2][-]{subsection.4.7.2}{\376\377\213\250\213\272}{section.4.7}% 45
\BOOKMARK [2][-]{subsection.4.7.3}{\376\377\217\205\122\251\133\236\232\214}{section.4.7}% 46
\BOOKMARK [3][-]{subsubsection.4.7.3.1}{\376\377\215\205\123\302\145\160\170\024\172\166}{subsection.4.7.3}% 47
\BOOKMARK [3][-]{subsubsection.4.7.3.2}{\376\377\150\070\203\003\145\160\166\204\130\236\225\177}{subsection.4.7.3}% 48
\BOOKMARK [3][-]{subsubsection.4.7.3.3}{\376\377\150\070\116\016\162\171\137\201\116\113\225\364\166\204\121\205\171\357}{subsection.4.7.3}% 49
\BOOKMARK [1][-]{section.4.8}{\376\377\147\054\172\340\134\017\176\323}{chapter.4}% 50
\BOOKMARK [0][-]{chapter.5}{\376\377\145\207\147\054\116\373\122\241\166\204\162\171\137\201\133\146\116\140\164\006\213\272}{}% 51
\BOOKMARK [0][-]{chapter.6}{\376\377\140\073\176\323\116\016\134\125\147\033}{}% 52
\BOOKMARK [0][-]{appendix.A}{\376\377\173\054\116\011\172\340\210\145\121\105\147\120\145\231}{}% 53
\BOOKMARK [0][-]{appendix.B}{\376\377\173\054\126\333\172\340\210\145\121\105\147\120\145\231}{}% 54
\BOOKMARK [1][-]{section.B.1}{\376\377\147\057\213\355\124\214\173\046\123\367}{appendix.B}% 55
\BOOKMARK [1][-]{section.B.2}{\376\377\123\302\145\160\122\006\147\220}{appendix.B}% 56
\BOOKMARK [2][-]{subsection.B.2.1}{\376\377\143\250\203\120\123\302\145\160}{section.B.2}% 57
\BOOKMARK [0][-]{section*.18}{\376\377\123\302\200\003\145\207\163\056}{}% 58
